C:\USERS\KOREA_000\DOCUMENTS\VISUAL STUDIO 2012\PROJECTS\OUDIA.1.02.02_SRC\LIBS\DCDRAW\DCDCD\DEBUG\DCDCD.PCH
C:\USERS\KOREA_000\DOCUMENTS\VISUAL STUDIO 2012\PROJECTS\OUDIA.1.02.02_SRC\LIBS\DCDRAW\DCDCD\DEBUG\STDAFX.OBJ
C:\USERS\KOREA_000\DOCUMENTS\VISUAL STUDIO 2012\PROJECTS\OUDIA.1.02.02_SRC\LIBS\DCDRAW\DCDCD\DEBUG\VC110.PDB
C:\USERS\KOREA_000\DOCUMENTS\VISUAL STUDIO 2012\PROJECTS\OUDIA.1.02.02_SRC\LIBS\DCDRAW\DCDCD\DEBUG\CCONVCONTENTPOSTOTARGET.OBJ
C:\USERS\KOREA_000\DOCUMENTS\VISUAL STUDIO 2012\PROJECTS\OUDIA.1.02.02_SRC\LIBS\DCDRAW\DCDCD\DEBUG\CCONVCONTENTPOSTOTARGETXY.OBJ
C:\USERS\KOREA_000\DOCUMENTS\VISUAL STUDIO 2012\PROJECTS\OUDIA.1.02.02_SRC\LIBS\DCDRAW\DCDCD\DEBUG\CCONVDCDPOSONZONE_DCDZONE.OBJ
C:\USERS\KOREA_000\DOCUMENTS\VISUAL STUDIO 2012\PROJECTS\OUDIA.1.02.02_SRC\LIBS\DCDRAW\DCDCD\DEBUG\CCONVDCDPOSONZONE_POSORGANDRATE.OBJ
C:\USERS\KOREA_000\DOCUMENTS\VISUAL STUDIO 2012\PROJECTS\OUDIA.1.02.02_SRC\LIBS\DCDRAW\DCDCD\DEBUG\CCONVDCDPOSONZONEXY.OBJ
C:\USERS\KOREA_000\DOCUMENTS\VISUAL STUDIO 2012\PROJECTS\OUDIA.1.02.02_SRC\LIBS\DCDRAW\DCDCD\DEBUG\CLINEFUNC.OBJ
C:\USERS\KOREA_000\DOCUMENTS\VISUAL STUDIO 2012\PROJECTS\OUDIA.1.02.02_SRC\LIBS\DCDRAW\DCDCD\DEBUG\CCONVDCDRAWPROP.OBJ
C:\USERS\KOREA_000\DOCUMENTS\VISUAL STUDIO 2012\PROJECTS\OUDIA.1.02.02_SRC\DIAGRAMEDIT\DEBUG\DCDCD.LIB
C:\Users\korea_000\Documents\Visual Studio 2012\Projects\oudia.1.02.02_src\libs\DcDraw\DcdCd\Debug\CconvContentPosToTarget.obj
C:\Users\korea_000\Documents\Visual Studio 2012\Projects\oudia.1.02.02_src\libs\DcDraw\DcdCd\Debug\CconvContentPosToTargetXy.obj
C:\Users\korea_000\Documents\Visual Studio 2012\Projects\oudia.1.02.02_src\libs\DcDraw\DcdCd\Debug\CconvDcdPosOnZoneXy.obj
C:\Users\korea_000\Documents\Visual Studio 2012\Projects\oudia.1.02.02_src\libs\DcDraw\DcdCd\Debug\CconvDcdPosOnZone_DcdZone.obj
C:\Users\korea_000\Documents\Visual Studio 2012\Projects\oudia.1.02.02_src\libs\DcDraw\DcdCd\Debug\CconvDcdPosOnZone_PosOrgAndRate.obj
C:\Users\korea_000\Documents\Visual Studio 2012\Projects\oudia.1.02.02_src\libs\DcDraw\DcdCd\Debug\CconvDcDrawProp.obj
C:\Users\korea_000\Documents\Visual Studio 2012\Projects\oudia.1.02.02_src\libs\DcDraw\DcdCd\Debug\CLineFunc.obj
C:\Users\korea_000\Documents\Visual Studio 2012\Projects\oudia.1.02.02_src\libs\DcDraw\DcdCd\Debug\StdAfx.obj
C:\Users\korea_000\Documents\Visual Studio 2012\Projects\oudia.1.02.02_src\libs\DcDraw\DcdCd\Debug\cl.command.1.tlog
C:\Users\korea_000\Documents\Visual Studio 2012\Projects\oudia.1.02.02_src\libs\DcDraw\DcdCd\Debug\CL.read.1.tlog
C:\Users\korea_000\Documents\Visual Studio 2012\Projects\oudia.1.02.02_src\libs\DcDraw\DcdCd\Debug\CL.write.1.tlog
C:\Users\korea_000\Documents\Visual Studio 2012\Projects\oudia.1.02.02_src\libs\DcDraw\DcdCd\Debug\Lib-link.read.1.tlog
C:\Users\korea_000\Documents\Visual Studio 2012\Projects\oudia.1.02.02_src\libs\DcDraw\DcdCd\Debug\Lib-link.write.1.tlog
C:\Users\korea_000\Documents\Visual Studio 2012\Projects\oudia.1.02.02_src\libs\DcDraw\DcdCd\Debug\lib.command.1.tlog
C:\Users\korea_000\Documents\Visual Studio 2012\Projects\oudia.1.02.02_src\libs\DcDraw\DcdCd\Debug\DcdCd.pch
C:\Users\korea_000\Documents\Visual Studio 2012\Projects\oudia.1.02.02_src\libs\DcDraw\DcdCd\Debug\vc110.idb
C:\Users\korea_000\Documents\Visual Studio 2012\Projects\oudia.1.02.02_src\libs\DcDraw\DcdCd\Debug\vc110.pdb
C:\Users\korea_000\Documents\Visual Studio 2012\Projects\oudia.1.02.02_src\DiagramEdit\Debug\DcdCd.lib
