C:\USERS\KOREA_000\DOCUMENTS\VISUAL STUDIO 2012\PROJECTS\OUDIAU\LIBS\OULIB\STR\DEBUG\VC110.PDB
C:\USERS\KOREA_000\DOCUMENTS\VISUAL STUDIO 2012\PROJECTS\OUDIAU\LIBS\OULIB\STR\DEBUG\STR.PCH
C:\USERS\KOREA_000\DOCUMENTS\VISUAL STUDIO 2012\PROJECTS\OUDIAU\LIBS\OULIB\STR\DEBUG\STDAFX.OBJ
C:\USERS\KOREA_000\DOCUMENTS\VISUAL STUDIO 2012\PROJECTS\OUDIAU\LIBS\OULIB\STR\DEBUG\VECTORTOFILE.OBJ
C:\USERS\KOREA_000\DOCUMENTS\VISUAL STUDIO 2012\PROJECTS\OUDIAU\LIBS\OULIB\STR\DEBUG\STRTOWSTR.OBJ
C:\USERS\KOREA_000\DOCUMENTS\VISUAL STUDIO 2012\PROJECTS\OUDIAU\LIBS\OULIB\STR\DEBUG\STRPRINTF.OBJ
C:\USERS\KOREA_000\DOCUMENTS\VISUAL STUDIO 2012\PROJECTS\OUDIAU\LIBS\OULIB\STR\DEBUG\CCONNECTEDSTRINGCOMPRESS.OBJ
C:\USERS\KOREA_000\DOCUMENTS\VISUAL STUDIO 2012\PROJECTS\OUDIAU\LIBS\OULIB\STR\DEBUG\CSTRCHARSIZEMB.OBJ
C:\USERS\KOREA_000\DOCUMENTS\VISUAL STUDIO 2012\PROJECTS\OUDIAU\LIBS\OULIB\STR\DEBUG\CDCONNECTEDSTRING2.OBJ
C:\USERS\KOREA_000\DOCUMENTS\VISUAL STUDIO 2012\PROJECTS\OUDIAU\LIBS\OULIB\STR\DEBUG\CDFILENAMESTR.OBJ
C:\USERS\KOREA_000\DOCUMENTS\VISUAL STUDIO 2012\PROJECTS\OUDIAU\LIBS\OULIB\STR\DEBUG\STRLF.OBJ
C:\USERS\KOREA_000\DOCUMENTS\VISUAL STUDIO 2012\PROJECTS\OUDIAU\DIAGRAMEDIT\DEBUG\STR.LIB
C:\Users\korea_000\Documents\Visual Studio 2012\Projects\oudiau\libs\OuLib\Str\Debug\CConnectedStringCompress.obj
C:\Users\korea_000\Documents\Visual Studio 2012\Projects\oudiau\libs\OuLib\Str\Debug\CdConnectedString2.obj
C:\Users\korea_000\Documents\Visual Studio 2012\Projects\oudiau\libs\OuLib\Str\Debug\CdFilenameStr.obj
C:\Users\korea_000\Documents\Visual Studio 2012\Projects\oudiau\libs\OuLib\Str\Debug\CStrCharSizeMb.obj
C:\Users\korea_000\Documents\Visual Studio 2012\Projects\oudiau\libs\OuLib\Str\Debug\StdAfx.obj
C:\Users\korea_000\Documents\Visual Studio 2012\Projects\oudiau\libs\OuLib\Str\Debug\strLf.obj
C:\Users\korea_000\Documents\Visual Studio 2012\Projects\oudiau\libs\OuLib\Str\Debug\strprintf.obj
C:\Users\korea_000\Documents\Visual Studio 2012\Projects\oudiau\libs\OuLib\Str\Debug\strToWstr.obj
C:\Users\korea_000\Documents\Visual Studio 2012\Projects\oudiau\libs\OuLib\Str\Debug\vectorToFile.obj
C:\Users\korea_000\Documents\Visual Studio 2012\Projects\oudiau\libs\OuLib\Str\Debug\cl.command.1.tlog
C:\Users\korea_000\Documents\Visual Studio 2012\Projects\oudiau\libs\OuLib\Str\Debug\CL.read.1.tlog
C:\Users\korea_000\Documents\Visual Studio 2012\Projects\oudiau\libs\OuLib\Str\Debug\CL.write.1.tlog
C:\Users\korea_000\Documents\Visual Studio 2012\Projects\oudiau\libs\OuLib\Str\Debug\Lib-link.read.1.tlog
C:\Users\korea_000\Documents\Visual Studio 2012\Projects\oudiau\libs\OuLib\Str\Debug\Lib-link.write.1.tlog
C:\Users\korea_000\Documents\Visual Studio 2012\Projects\oudiau\libs\OuLib\Str\Debug\lib.command.1.tlog
C:\Users\korea_000\Documents\Visual Studio 2012\Projects\oudiau\libs\OuLib\Str\Debug\Str.pch
C:\Users\korea_000\Documents\Visual Studio 2012\Projects\oudiau\libs\OuLib\Str\Debug\vc110.idb
C:\Users\korea_000\Documents\Visual Studio 2012\Projects\oudiau\libs\OuLib\Str\Debug\vc110.pdb
C:\Users\korea_000\Documents\Visual Studio 2012\Projects\oudiau\DiagramEdit\Debug\Str.lib
