C:\USERS\KOREA_000\DOCUMENTS\VISUAL STUDIO 2012\PROJECTS\OUDIA.1.02.02_SRC\LIBS\OULIB\STR\OUPROPERTIESTEXT\DEBUG\OUPROPERTIESTEXT.PCH
C:\USERS\KOREA_000\DOCUMENTS\VISUAL STUDIO 2012\PROJECTS\OUDIA.1.02.02_SRC\LIBS\OULIB\STR\OUPROPERTIESTEXT\DEBUG\STDAFX.OBJ
C:\USERS\KOREA_000\DOCUMENTS\VISUAL STUDIO 2012\PROJECTS\OUDIA.1.02.02_SRC\LIBS\OULIB\STR\OUPROPERTIESTEXT\DEBUG\VC110.PDB
C:\USERS\KOREA_000\DOCUMENTS\VISUAL STUDIO 2012\PROJECTS\OUDIA.1.02.02_SRC\LIBS\OULIB\STR\OUPROPERTIESTEXT\DEBUG\CCONVNODECONTAINER.OBJ
C:\USERS\KOREA_000\DOCUMENTS\VISUAL STUDIO 2012\PROJECTS\OUDIA.1.02.02_SRC\LIBS\OULIB\STR\OUPROPERTIESTEXT\DEBUG\CDIRECTORY.OBJ
C:\USERS\KOREA_000\DOCUMENTS\VISUAL STUDIO 2012\PROJECTS\OUDIA.1.02.02_SRC\LIBS\OULIB\STR\OUPROPERTIESTEXT\DEBUG\CINNAMEINDEXCONTAINER.OBJ
C:\USERS\KOREA_000\DOCUMENTS\VISUAL STUDIO 2012\PROJECTS\OUDIA.1.02.02_SRC\LIBS\OULIB\STR\OUPROPERTIESTEXT\DEBUG\CNODE.OBJ
C:\USERS\KOREA_000\DOCUMENTS\VISUAL STUDIO 2012\PROJECTS\OUDIA.1.02.02_SRC\LIBS\OULIB\STR\OUPROPERTIESTEXT\DEBUG\CNODECONTAINER.OBJ
C:\USERS\KOREA_000\DOCUMENTS\VISUAL STUDIO 2012\PROJECTS\OUDIA.1.02.02_SRC\LIBS\OULIB\STR\OUPROPERTIESTEXT\DEBUG\CPROPERTYSTRING.OBJ
C:\USERS\KOREA_000\DOCUMENTS\VISUAL STUDIO 2012\PROJECTS\OUDIA.1.02.02_SRC\DIAGRAMEDIT\DEBUG\OUPROPERTIESTEXT.LIB
C:\Users\korea_000\Documents\Visual Studio 2012\Projects\oudia.1.02.02_src\libs\OuLib\Str\OuPropertiesText\Debug\CConvNodeContainer.obj
C:\Users\korea_000\Documents\Visual Studio 2012\Projects\oudia.1.02.02_src\libs\OuLib\Str\OuPropertiesText\Debug\CDirectory.obj
C:\Users\korea_000\Documents\Visual Studio 2012\Projects\oudia.1.02.02_src\libs\OuLib\Str\OuPropertiesText\Debug\CInNameIndexContainer.obj
C:\Users\korea_000\Documents\Visual Studio 2012\Projects\oudia.1.02.02_src\libs\OuLib\Str\OuPropertiesText\Debug\CNode.obj
C:\Users\korea_000\Documents\Visual Studio 2012\Projects\oudia.1.02.02_src\libs\OuLib\Str\OuPropertiesText\Debug\CNodeContainer.obj
C:\Users\korea_000\Documents\Visual Studio 2012\Projects\oudia.1.02.02_src\libs\OuLib\Str\OuPropertiesText\Debug\CPropertyString.obj
C:\Users\korea_000\Documents\Visual Studio 2012\Projects\oudia.1.02.02_src\libs\OuLib\Str\OuPropertiesText\Debug\StdAfx.obj
C:\Users\korea_000\Documents\Visual Studio 2012\Projects\oudia.1.02.02_src\libs\OuLib\Str\OuPropertiesText\Debug\cl.command.1.tlog
C:\Users\korea_000\Documents\Visual Studio 2012\Projects\oudia.1.02.02_src\libs\OuLib\Str\OuPropertiesText\Debug\CL.read.1.tlog
C:\Users\korea_000\Documents\Visual Studio 2012\Projects\oudia.1.02.02_src\libs\OuLib\Str\OuPropertiesText\Debug\CL.write.1.tlog
C:\Users\korea_000\Documents\Visual Studio 2012\Projects\oudia.1.02.02_src\libs\OuLib\Str\OuPropertiesText\Debug\Lib-link.read.1.tlog
C:\Users\korea_000\Documents\Visual Studio 2012\Projects\oudia.1.02.02_src\libs\OuLib\Str\OuPropertiesText\Debug\Lib-link.write.1.tlog
C:\Users\korea_000\Documents\Visual Studio 2012\Projects\oudia.1.02.02_src\libs\OuLib\Str\OuPropertiesText\Debug\lib.command.1.tlog
C:\Users\korea_000\Documents\Visual Studio 2012\Projects\oudia.1.02.02_src\libs\OuLib\Str\OuPropertiesText\Debug\OuPropertiesText.pch
C:\Users\korea_000\Documents\Visual Studio 2012\Projects\oudia.1.02.02_src\libs\OuLib\Str\OuPropertiesText\Debug\vc110.idb
C:\Users\korea_000\Documents\Visual Studio 2012\Projects\oudia.1.02.02_src\libs\OuLib\Str\OuPropertiesText\Debug\vc110.pdb
C:\Users\korea_000\Documents\Visual Studio 2012\Projects\oudia.1.02.02_src\DiagramEdit\Debug\OuPropertiesText.lib
