C:\USERS\KOREA_000\DOCUMENTS\VISUAL STUDIO 2012\PROJECTS\OUDIAU\LIBS\OUMFC\HIDEMDI\DEBUG\HIDEMDI.PCH
C:\USERS\KOREA_000\DOCUMENTS\VISUAL STUDIO 2012\PROJECTS\OUDIAU\LIBS\OUMFC\HIDEMDI\DEBUG\STDAFX.OBJ
C:\USERS\KOREA_000\DOCUMENTS\VISUAL STUDIO 2012\PROJECTS\OUDIAU\LIBS\OUMFC\HIDEMDI\DEBUG\VC110.PDB
C:\USERS\KOREA_000\DOCUMENTS\VISUAL STUDIO 2012\PROJECTS\OUDIAU\LIBS\OUMFC\HIDEMDI\DEBUG\CDROPTARGETDOCTMPL.OBJ
C:\USERS\KOREA_000\DOCUMENTS\VISUAL STUDIO 2012\PROJECTS\OUDIAU\LIBS\OUMFC\HIDEMDI\DEBUG\CHIDEMDIAPP.OBJ
C:\USERS\KOREA_000\DOCUMENTS\VISUAL STUDIO 2012\PROJECTS\OUDIAU\LIBS\OUMFC\HIDEMDI\DEBUG\CHIDEMDIDOCTMPLDOCSTRALONE.OBJ
C:\USERS\KOREA_000\DOCUMENTS\VISUAL STUDIO 2012\PROJECTS\OUDIAU\LIBS\OUMFC\HIDEMDI\DEBUG\CHIDEMDIMAINFRM.OBJ
C:\USERS\KOREA_000\DOCUMENTS\VISUAL STUDIO 2012\PROJECTS\OUDIAU\LIBS\OUMFC\HIDEMDI\DEBUG\CHIDEMDIROOTDOC.OBJ
C:\USERS\KOREA_000\DOCUMENTS\VISUAL STUDIO 2012\PROJECTS\OUDIAU\LIBS\OUMFC\HIDEMDI\DEBUG\CHIDEMDIROOTDOCTMPL.OBJ
C:\USERS\KOREA_000\DOCUMENTS\VISUAL STUDIO 2012\PROJECTS\OUDIAU\LIBS\OUMFC\HIDEMDI\DEBUG\CHIDEMDIROOTFRAME.OBJ
C:\USERS\KOREA_000\DOCUMENTS\VISUAL STUDIO 2012\PROJECTS\OUDIAU\LIBS\OUMFC\HIDEMDI\DEBUG\CHIDEMDIROOTVIEW.OBJ
C:\USERS\KOREA_000\DOCUMENTS\VISUAL STUDIO 2012\PROJECTS\OUDIAU\LIBS\OUMFC\HIDEMDI\DEBUG\CHIDEMDISUBDOC.OBJ
C:\USERS\KOREA_000\DOCUMENTS\VISUAL STUDIO 2012\PROJECTS\OUDIAU\LIBS\OUMFC\HIDEMDI\DEBUG\CHIDEMDISUBDOCTMPL.OBJ
C:\USERS\KOREA_000\DOCUMENTS\VISUAL STUDIO 2012\PROJECTS\OUDIAU\LIBS\OUMFC\HIDEMDI\DEBUG\HIDEMDI.LIB
C:\Users\korea_000\Documents\Visual Studio 2012\Projects\oudiau\libs\OuMfc\Hidemdi\Debug\CDropTargetDoctmpl.obj
C:\Users\korea_000\Documents\Visual Studio 2012\Projects\oudiau\libs\OuMfc\Hidemdi\Debug\CHidemdiApp.obj
C:\Users\korea_000\Documents\Visual Studio 2012\Projects\oudiau\libs\OuMfc\Hidemdi\Debug\CHidemdiDoctmplDocstrAlone.obj
C:\Users\korea_000\Documents\Visual Studio 2012\Projects\oudiau\libs\OuMfc\Hidemdi\Debug\CHidemdiMainFrm.obj
C:\Users\korea_000\Documents\Visual Studio 2012\Projects\oudiau\libs\OuMfc\Hidemdi\Debug\CHidemdiRootDoc.obj
C:\Users\korea_000\Documents\Visual Studio 2012\Projects\oudiau\libs\OuMfc\Hidemdi\Debug\CHidemdiRootDoctmpl.obj
C:\Users\korea_000\Documents\Visual Studio 2012\Projects\oudiau\libs\OuMfc\Hidemdi\Debug\CHidemdiRootFrame.obj
C:\Users\korea_000\Documents\Visual Studio 2012\Projects\oudiau\libs\OuMfc\Hidemdi\Debug\CHidemdiRootView.obj
C:\Users\korea_000\Documents\Visual Studio 2012\Projects\oudiau\libs\OuMfc\Hidemdi\Debug\CHidemdiSubDoc.obj
C:\Users\korea_000\Documents\Visual Studio 2012\Projects\oudiau\libs\OuMfc\Hidemdi\Debug\CHidemdiSubDoctmpl.obj
C:\Users\korea_000\Documents\Visual Studio 2012\Projects\oudiau\libs\OuMfc\Hidemdi\Debug\StdAfx.obj
C:\Users\korea_000\Documents\Visual Studio 2012\Projects\oudiau\libs\OuMfc\Hidemdi\Debug\cl.command.1.tlog
C:\Users\korea_000\Documents\Visual Studio 2012\Projects\oudiau\libs\OuMfc\Hidemdi\Debug\CL.read.1.tlog
C:\Users\korea_000\Documents\Visual Studio 2012\Projects\oudiau\libs\OuMfc\Hidemdi\Debug\CL.write.1.tlog
C:\Users\korea_000\Documents\Visual Studio 2012\Projects\oudiau\libs\OuMfc\Hidemdi\Debug\Lib-link.read.1.tlog
C:\Users\korea_000\Documents\Visual Studio 2012\Projects\oudiau\libs\OuMfc\Hidemdi\Debug\Lib-link.write.1.tlog
C:\Users\korea_000\Documents\Visual Studio 2012\Projects\oudiau\libs\OuMfc\Hidemdi\Debug\lib.command.1.tlog
C:\Users\korea_000\Documents\Visual Studio 2012\Projects\oudiau\libs\OuMfc\Hidemdi\Debug\Hidemdi.pch
C:\Users\korea_000\Documents\Visual Studio 2012\Projects\oudiau\libs\OuMfc\Hidemdi\Debug\vc110.idb
C:\Users\korea_000\Documents\Visual Studio 2012\Projects\oudiau\libs\OuMfc\Hidemdi\Debug\vc110.pdb
C:\Users\korea_000\Documents\Visual Studio 2012\Projects\oudiau\libs\OuMfc\Hidemdi\.\Debug\Hidemdi.lib
