C:\USERS\KOREA_000\DOCUMENTS\VISUAL STUDIO 2012\PROJECTS\OUDIA.1.02.02_SRC\LIBS\DCDRAW\DCDRAW\DEBUG\DCDRAW.PCH
C:\USERS\KOREA_000\DOCUMENTS\VISUAL STUDIO 2012\PROJECTS\OUDIA.1.02.02_SRC\LIBS\DCDRAW\DCDRAW\DEBUG\STDAFX.OBJ
C:\USERS\KOREA_000\DOCUMENTS\VISUAL STUDIO 2012\PROJECTS\OUDIA.1.02.02_SRC\LIBS\DCDRAW\DCDRAW\DEBUG\VC110.PDB
C:\USERS\KOREA_000\DOCUMENTS\VISUAL STUDIO 2012\PROJECTS\OUDIA.1.02.02_SRC\LIBS\DCDRAW\DCDRAW\DEBUG\CCONVERTER_WINGDI.OBJ
C:\USERS\KOREA_000\DOCUMENTS\VISUAL STUDIO 2012\PROJECTS\OUDIA.1.02.02_SRC\LIBS\DCDRAW\DCDRAW\DEBUG\CDCDEVICEUNITSIZEX.OBJ
C:\USERS\KOREA_000\DOCUMENTS\VISUAL STUDIO 2012\PROJECTS\OUDIA.1.02.02_SRC\LIBS\DCDRAW\DCDRAW\DEBUG\CDCDEVICEUNITSIZEY.OBJ
C:\USERS\KOREA_000\DOCUMENTS\VISUAL STUDIO 2012\PROJECTS\OUDIA.1.02.02_SRC\LIBS\DCDRAW\DCDRAW\DEBUG\CDCDFILLRECT.OBJ
C:\USERS\KOREA_000\DOCUMENTS\VISUAL STUDIO 2012\PROJECTS\OUDIA.1.02.02_SRC\LIBS\DCDRAW\DCDRAW\DEBUG\CDCDFILLRECTROP.OBJ
C:\USERS\KOREA_000\DOCUMENTS\VISUAL STUDIO 2012\PROJECTS\OUDIA.1.02.02_SRC\LIBS\DCDRAW\DCDRAW\DEBUG\CDCDFREELINE.OBJ
C:\USERS\KOREA_000\DOCUMENTS\VISUAL STUDIO 2012\PROJECTS\OUDIA.1.02.02_SRC\LIBS\DCDRAW\DCDRAW\DEBUG\CDCDLINE.OBJ
C:\USERS\KOREA_000\DOCUMENTS\VISUAL STUDIO 2012\PROJECTS\OUDIA.1.02.02_SRC\LIBS\DCDRAW\DCDRAW\DEBUG\CDCDRECTANGLE.OBJ
C:\USERS\KOREA_000\DOCUMENTS\VISUAL STUDIO 2012\PROJECTS\OUDIA.1.02.02_SRC\LIBS\DCDRAW\DCDRAW\DEBUG\CDCDTARGET.OBJ
C:\USERS\KOREA_000\DOCUMENTS\VISUAL STUDIO 2012\PROJECTS\OUDIA.1.02.02_SRC\LIBS\DCDRAW\DCDRAW\DEBUG\CDCDTARGETCOMPATIBLEBITMAP.OBJ
C:\USERS\KOREA_000\DOCUMENTS\VISUAL STUDIO 2012\PROJECTS\OUDIA.1.02.02_SRC\LIBS\DCDRAW\DCDRAW\DEBUG\CDCDTARGETGETDC.OBJ
C:\USERS\KOREA_000\DOCUMENTS\VISUAL STUDIO 2012\PROJECTS\OUDIA.1.02.02_SRC\LIBS\DCDRAW\DCDRAW\DEBUG\CDCDTARGETONPAINT.OBJ
C:\USERS\KOREA_000\DOCUMENTS\VISUAL STUDIO 2012\PROJECTS\OUDIA.1.02.02_SRC\LIBS\DCDRAW\DCDRAW\DEBUG\CDCDTARGETPRINTER.OBJ
C:\USERS\KOREA_000\DOCUMENTS\VISUAL STUDIO 2012\PROJECTS\OUDIA.1.02.02_SRC\LIBS\DCDRAW\DCDRAW\DEBUG\CDCDTEXT.OBJ
C:\USERS\KOREA_000\DOCUMENTS\VISUAL STUDIO 2012\PROJECTS\OUDIA.1.02.02_SRC\LIBS\DCDRAW\DCDRAW\DEBUG\CDCDTEXTBOX.OBJ
C:\USERS\KOREA_000\DOCUMENTS\VISUAL STUDIO 2012\PROJECTS\OUDIA.1.02.02_SRC\LIBS\DCDRAW\DCDRAW\DEBUG\CDCDTEXTBOXV3.OBJ
C:\USERS\KOREA_000\DOCUMENTS\VISUAL STUDIO 2012\PROJECTS\OUDIA.1.02.02_SRC\LIBS\DCDRAW\DCDRAW\DEBUG\CDWINGDI_DRAWTEXT_FORMAT.OBJ
C:\USERS\KOREA_000\DOCUMENTS\VISUAL STUDIO 2012\PROJECTS\OUDIA.1.02.02_SRC\LIBS\DCDRAW\DCDRAW\DEBUG\CGDICACHE.OBJ
C:\USERS\KOREA_000\DOCUMENTS\VISUAL STUDIO 2012\PROJECTS\OUDIA.1.02.02_SRC\LIBS\DCDRAW\DCDRAW\DEBUG\CVERTICALTEXTELEMENTBUILDER.OBJ
C:\USERS\KOREA_000\DOCUMENTS\VISUAL STUDIO 2012\PROJECTS\OUDIA.1.02.02_SRC\LIBS\DCDRAW\DCDRAW\DEBUG\CADCDTARGETZOOMDISPLAY.OBJ
C:\USERS\KOREA_000\DOCUMENTS\VISUAL STUDIO 2012\PROJECTS\OUDIA.1.02.02_SRC\LIBS\DCDRAW\DCDRAW\DEBUG\CACONTENTPOSTODCDTARGET_DIM.OBJ
C:\USERS\KOREA_000\DOCUMENTS\VISUAL STUDIO 2012\PROJECTS\OUDIA.1.02.02_SRC\LIBS\DCDRAW\DCDRAW\DEBUG\CADCDTARGETCLIP.OBJ
C:\USERS\KOREA_000\DOCUMENTS\VISUAL STUDIO 2012\PROJECTS\OUDIA.1.02.02_SRC\LIBS\DCDRAW\DCDRAW\DEBUG\CADCDTARGETITEMPOSITION.OBJ
C:\USERS\KOREA_000\DOCUMENTS\VISUAL STUDIO 2012\PROJECTS\OUDIA.1.02.02_SRC\LIBS\DCDRAW\DCDRAW\DEBUG\CCONVCONTENTPOSTODCDTARGET.OBJ
C:\USERS\KOREA_000\DOCUMENTS\VISUAL STUDIO 2012\PROJECTS\OUDIA.1.02.02_SRC\DIAGRAMEDIT\DEBUG\DCDRAW.LIB
C:\Users\korea_000\Documents\Visual Studio 2012\Projects\oudia.1.02.02_src\libs\DcDraw\DcDraw\Debug\CaContentPosToDcdTarget_Dim.obj
C:\Users\korea_000\Documents\Visual Studio 2012\Projects\oudia.1.02.02_src\libs\DcDraw\DcDraw\Debug\CaDcdTargetClip.obj
C:\Users\korea_000\Documents\Visual Studio 2012\Projects\oudia.1.02.02_src\libs\DcDraw\DcDraw\Debug\CaDcdTargetItemPosition.obj
C:\Users\korea_000\Documents\Visual Studio 2012\Projects\oudia.1.02.02_src\libs\DcDraw\DcDraw\Debug\CaDcdTargetZoomDisplay.obj
C:\Users\korea_000\Documents\Visual Studio 2012\Projects\oudia.1.02.02_src\libs\DcDraw\DcDraw\Debug\CconvContentPosToDcdTarget.obj
C:\Users\korea_000\Documents\Visual Studio 2012\Projects\oudia.1.02.02_src\libs\DcDraw\DcDraw\Debug\CConverter_WinGdi.obj
C:\Users\korea_000\Documents\Visual Studio 2012\Projects\oudia.1.02.02_src\libs\DcDraw\DcDraw\Debug\CDcDeviceUnitSizeX.obj
C:\Users\korea_000\Documents\Visual Studio 2012\Projects\oudia.1.02.02_src\libs\DcDraw\DcDraw\Debug\CDcDeviceUnitSizeY.obj
C:\Users\korea_000\Documents\Visual Studio 2012\Projects\oudia.1.02.02_src\libs\DcDraw\DcDraw\Debug\CDcdFillrect.obj
C:\Users\korea_000\Documents\Visual Studio 2012\Projects\oudia.1.02.02_src\libs\DcDraw\DcDraw\Debug\CDcdFillrectRop.obj
C:\Users\korea_000\Documents\Visual Studio 2012\Projects\oudia.1.02.02_src\libs\DcDraw\DcDraw\Debug\CDcdFreeLine.obj
C:\Users\korea_000\Documents\Visual Studio 2012\Projects\oudia.1.02.02_src\libs\DcDraw\DcDraw\Debug\CDcdLine.obj
C:\Users\korea_000\Documents\Visual Studio 2012\Projects\oudia.1.02.02_src\libs\DcDraw\DcDraw\Debug\CDcdRectangle.obj
C:\Users\korea_000\Documents\Visual Studio 2012\Projects\oudia.1.02.02_src\libs\DcDraw\DcDraw\Debug\CDcdTarget.obj
C:\Users\korea_000\Documents\Visual Studio 2012\Projects\oudia.1.02.02_src\libs\DcDraw\DcDraw\Debug\CDcdTargetCompatibleBitmap.obj
C:\Users\korea_000\Documents\Visual Studio 2012\Projects\oudia.1.02.02_src\libs\DcDraw\DcDraw\Debug\CDcdTargetGetDC.obj
C:\Users\korea_000\Documents\Visual Studio 2012\Projects\oudia.1.02.02_src\libs\DcDraw\DcDraw\Debug\CDcdTargetOnPaint.obj
C:\Users\korea_000\Documents\Visual Studio 2012\Projects\oudia.1.02.02_src\libs\DcDraw\DcDraw\Debug\CDcdTargetPrinter.obj
C:\Users\korea_000\Documents\Visual Studio 2012\Projects\oudia.1.02.02_src\libs\DcDraw\DcDraw\Debug\CDcdText.obj
C:\Users\korea_000\Documents\Visual Studio 2012\Projects\oudia.1.02.02_src\libs\DcDraw\DcDraw\Debug\CDcdTextbox.obj
C:\Users\korea_000\Documents\Visual Studio 2012\Projects\oudia.1.02.02_src\libs\DcDraw\DcDraw\Debug\CDcdTextboxV3.obj
C:\Users\korea_000\Documents\Visual Studio 2012\Projects\oudia.1.02.02_src\libs\DcDraw\DcDraw\Debug\CdWinGdi_DrawText_Format.obj
C:\Users\korea_000\Documents\Visual Studio 2012\Projects\oudia.1.02.02_src\libs\DcDraw\DcDraw\Debug\CGdiCache.obj
C:\Users\korea_000\Documents\Visual Studio 2012\Projects\oudia.1.02.02_src\libs\DcDraw\DcDraw\Debug\CVerticalTextElementBuilder.obj
C:\Users\korea_000\Documents\Visual Studio 2012\Projects\oudia.1.02.02_src\libs\DcDraw\DcDraw\Debug\StdAfx.obj
C:\Users\korea_000\Documents\Visual Studio 2012\Projects\oudia.1.02.02_src\libs\DcDraw\DcDraw\Debug\cl.command.1.tlog
C:\Users\korea_000\Documents\Visual Studio 2012\Projects\oudia.1.02.02_src\libs\DcDraw\DcDraw\Debug\CL.read.1.tlog
C:\Users\korea_000\Documents\Visual Studio 2012\Projects\oudia.1.02.02_src\libs\DcDraw\DcDraw\Debug\CL.write.1.tlog
C:\Users\korea_000\Documents\Visual Studio 2012\Projects\oudia.1.02.02_src\libs\DcDraw\DcDraw\Debug\Lib-link.read.1.tlog
C:\Users\korea_000\Documents\Visual Studio 2012\Projects\oudia.1.02.02_src\libs\DcDraw\DcDraw\Debug\Lib-link.write.1.tlog
C:\Users\korea_000\Documents\Visual Studio 2012\Projects\oudia.1.02.02_src\libs\DcDraw\DcDraw\Debug\lib.command.1.tlog
C:\Users\korea_000\Documents\Visual Studio 2012\Projects\oudia.1.02.02_src\libs\DcDraw\DcDraw\Debug\DcDraw.pch
C:\Users\korea_000\Documents\Visual Studio 2012\Projects\oudia.1.02.02_src\libs\DcDraw\DcDraw\Debug\vc110.idb
C:\Users\korea_000\Documents\Visual Studio 2012\Projects\oudia.1.02.02_src\libs\DcDraw\DcDraw\Debug\vc110.pdb
C:\Users\korea_000\Documents\Visual Studio 2012\Projects\oudia.1.02.02_src\DiagramEdit\Debug\DcDraw.lib
