C:\USERS\KOREA_000\DOCUMENTS\VISUAL STUDIO 2012\PROJECTS\OUDIAU\LIBS\DCDRAW\DCDGRID\WNDDCDGRID3\DEBUG\WNDDCDGRID3.PCH
C:\USERS\KOREA_000\DOCUMENTS\VISUAL STUDIO 2012\PROJECTS\OUDIAU\LIBS\DCDRAW\DCDGRID\WNDDCDGRID3\DEBUG\STDAFX.OBJ
C:\USERS\KOREA_000\DOCUMENTS\VISUAL STUDIO 2012\PROJECTS\OUDIAU\LIBS\DCDRAW\DCDGRID\WNDDCDGRID3\DEBUG\CPROPSTACK.OBJ
C:\USERS\KOREA_000\DOCUMENTS\VISUAL STUDIO 2012\PROJECTS\OUDIAU\LIBS\DCDRAW\DCDGRID\WNDDCDGRID3\DEBUG\VC110.PDB
C:\USERS\KOREA_000\DOCUMENTS\VISUAL STUDIO 2012\PROJECTS\OUDIAU\LIBS\DCDRAW\DCDGRID\WNDDCDGRID3\DEBUG\CBOXSELECT.OBJ
C:\USERS\KOREA_000\DOCUMENTS\VISUAL STUDIO 2012\PROJECTS\OUDIAU\LIBS\DCDRAW\DCDGRID\WNDDCDGRID3\DEBUG\CFOCUS.OBJ
C:\USERS\KOREA_000\DOCUMENTS\VISUAL STUDIO 2012\PROJECTS\OUDIAU\LIBS\DCDRAW\DCDGRID\WNDDCDGRID3\DEBUG\CRANDOMSELECT.OBJ
C:\USERS\KOREA_000\DOCUMENTS\VISUAL STUDIO 2012\PROJECTS\OUDIAU\LIBS\DCDRAW\DCDGRID\WNDDCDGRID3\DEBUG\CSELECT.OBJ
C:\USERS\KOREA_000\DOCUMENTS\VISUAL STUDIO 2012\PROJECTS\OUDIAU\LIBS\DCDRAW\DCDGRID\WNDDCDGRID3\DEBUG\CSELECTCELL.OBJ
C:\USERS\KOREA_000\DOCUMENTS\VISUAL STUDIO 2012\PROJECTS\OUDIAU\LIBS\DCDRAW\DCDGRID\WNDDCDGRID3\DEBUG\CXDCDGRID.OBJ
C:\USERS\KOREA_000\DOCUMENTS\VISUAL STUDIO 2012\PROJECTS\OUDIAU\LIBS\DCDRAW\DCDGRID\WNDDCDGRID3\DEBUG\CWNDDCDGRID.OBJ
C:\USERS\KOREA_000\DOCUMENTS\VISUAL STUDIO 2012\PROJECTS\OUDIAU\LIBS\DCDRAW\DCDGRID\WNDDCDGRID3\DEBUG\WNDDCDGRID3.LIB
C:\Users\korea_000\Documents\Visual Studio 2012\Projects\oudiau\libs\DcDraw\DcdGrid\WndDcdGrid3\Debug\CBoxSelect.obj
C:\Users\korea_000\Documents\Visual Studio 2012\Projects\oudiau\libs\DcDraw\DcdGrid\WndDcdGrid3\Debug\CFocus.obj
C:\Users\korea_000\Documents\Visual Studio 2012\Projects\oudiau\libs\DcDraw\DcdGrid\WndDcdGrid3\Debug\CPropStack.obj
C:\Users\korea_000\Documents\Visual Studio 2012\Projects\oudiau\libs\DcDraw\DcdGrid\WndDcdGrid3\Debug\CRandomSelect.obj
C:\Users\korea_000\Documents\Visual Studio 2012\Projects\oudiau\libs\DcDraw\DcdGrid\WndDcdGrid3\Debug\CSelect.obj
C:\Users\korea_000\Documents\Visual Studio 2012\Projects\oudiau\libs\DcDraw\DcdGrid\WndDcdGrid3\Debug\CSelectCell.obj
C:\Users\korea_000\Documents\Visual Studio 2012\Projects\oudiau\libs\DcDraw\DcdGrid\WndDcdGrid3\Debug\CWndDcdGrid.obj
C:\Users\korea_000\Documents\Visual Studio 2012\Projects\oudiau\libs\DcDraw\DcdGrid\WndDcdGrid3\Debug\CXDcdGrid.obj
C:\Users\korea_000\Documents\Visual Studio 2012\Projects\oudiau\libs\DcDraw\DcdGrid\WndDcdGrid3\Debug\StdAfx.obj
C:\Users\korea_000\Documents\Visual Studio 2012\Projects\oudiau\libs\DcDraw\DcdGrid\WndDcdGrid3\Debug\cl.command.1.tlog
C:\Users\korea_000\Documents\Visual Studio 2012\Projects\oudiau\libs\DcDraw\DcdGrid\WndDcdGrid3\Debug\CL.read.1.tlog
C:\Users\korea_000\Documents\Visual Studio 2012\Projects\oudiau\libs\DcDraw\DcdGrid\WndDcdGrid3\Debug\CL.write.1.tlog
C:\Users\korea_000\Documents\Visual Studio 2012\Projects\oudiau\libs\DcDraw\DcdGrid\WndDcdGrid3\Debug\Lib-link.read.1.tlog
C:\Users\korea_000\Documents\Visual Studio 2012\Projects\oudiau\libs\DcDraw\DcdGrid\WndDcdGrid3\Debug\Lib-link.write.1.tlog
C:\Users\korea_000\Documents\Visual Studio 2012\Projects\oudiau\libs\DcDraw\DcdGrid\WndDcdGrid3\Debug\lib.command.1.tlog
C:\Users\korea_000\Documents\Visual Studio 2012\Projects\oudiau\libs\DcDraw\DcdGrid\WndDcdGrid3\Debug\WndDcdGrid3.pch
C:\Users\korea_000\Documents\Visual Studio 2012\Projects\oudiau\libs\DcDraw\DcdGrid\WndDcdGrid3\Debug\vc110.idb
C:\Users\korea_000\Documents\Visual Studio 2012\Projects\oudiau\libs\DcDraw\DcdGrid\WndDcdGrid3\Debug\vc110.pdb
C:\Users\korea_000\Documents\Visual Studio 2012\Projects\oudiau\libs\DcDraw\DcdGrid\WndDcdGrid3\.\Debug\WndDcdGrid3.lib
