C:\USERS\KOREA_000\DOCUMENTS\VISUAL STUDIO 2012\PROJECTS\OUDIA.1.02.02_SRC\LIBS\DCDRAW\DCDGRID\DEBUG\DCDGRID.PCH
C:\USERS\KOREA_000\DOCUMENTS\VISUAL STUDIO 2012\PROJECTS\OUDIA.1.02.02_SRC\LIBS\DCDRAW\DCDGRID\DEBUG\STDAFX.OBJ
C:\USERS\KOREA_000\DOCUMENTS\VISUAL STUDIO 2012\PROJECTS\OUDIA.1.02.02_SRC\LIBS\DCDRAW\DCDGRID\DEBUG\VC110.PDB
C:\USERS\KOREA_000\DOCUMENTS\VISUAL STUDIO 2012\PROJECTS\OUDIA.1.02.02_SRC\LIBS\DCDRAW\DCDGRID\DEBUG\CADCDGRID_PAGESELECTOR.OBJ
C:\USERS\KOREA_000\DOCUMENTS\VISUAL STUDIO 2012\PROJECTS\OUDIA.1.02.02_SRC\LIBS\DCDRAW\DCDGRID\DEBUG\CDCDGRID.OBJ
C:\USERS\KOREA_000\DOCUMENTS\VISUAL STUDIO 2012\PROJECTS\OUDIA.1.02.02_SRC\LIBS\DCDRAW\DCDGRID\DEBUG\CDCDGRIDCELL.OBJ
C:\USERS\KOREA_000\DOCUMENTS\VISUAL STUDIO 2012\PROJECTS\OUDIA.1.02.02_SRC\LIBS\DCDRAW\DCDGRID\DEBUG\CDCDGRIDXBORDER.OBJ
C:\USERS\KOREA_000\DOCUMENTS\VISUAL STUDIO 2012\PROJECTS\OUDIA.1.02.02_SRC\LIBS\DCDRAW\DCDGRID\DEBUG\CDCDGRIDXCOLUMN.OBJ
C:\USERS\KOREA_000\DOCUMENTS\VISUAL STUDIO 2012\PROJECTS\OUDIA.1.02.02_SRC\LIBS\DCDRAW\DCDGRID\DEBUG\CDCDGRIDYBORDER.OBJ
C:\USERS\KOREA_000\DOCUMENTS\VISUAL STUDIO 2012\PROJECTS\OUDIA.1.02.02_SRC\LIBS\DCDRAW\DCDGRID\DEBUG\CDCDGRIDYCOLUMN.OBJ
C:\USERS\KOREA_000\DOCUMENTS\VISUAL STUDIO 2012\PROJECTS\OUDIA.1.02.02_SRC\LIBS\DCDRAW\DCDGRID\DEBUG\DCDGRID.LIB
C:\Users\korea_000\Documents\Visual Studio 2012\Projects\oudia.1.02.02_src\libs\DcDraw\DcdGrid\Debug\CaDcdGrid_PageSelector.obj
C:\Users\korea_000\Documents\Visual Studio 2012\Projects\oudia.1.02.02_src\libs\DcDraw\DcdGrid\Debug\CDcdGrid.obj
C:\Users\korea_000\Documents\Visual Studio 2012\Projects\oudia.1.02.02_src\libs\DcDraw\DcdGrid\Debug\CDcdGridCell.obj
C:\Users\korea_000\Documents\Visual Studio 2012\Projects\oudia.1.02.02_src\libs\DcDraw\DcdGrid\Debug\CDcdGridXBorder.obj
C:\Users\korea_000\Documents\Visual Studio 2012\Projects\oudia.1.02.02_src\libs\DcDraw\DcdGrid\Debug\CDcdGridXColumn.obj
C:\Users\korea_000\Documents\Visual Studio 2012\Projects\oudia.1.02.02_src\libs\DcDraw\DcdGrid\Debug\CDcdGridYBorder.obj
C:\Users\korea_000\Documents\Visual Studio 2012\Projects\oudia.1.02.02_src\libs\DcDraw\DcdGrid\Debug\CDcdGridYColumn.obj
C:\Users\korea_000\Documents\Visual Studio 2012\Projects\oudia.1.02.02_src\libs\DcDraw\DcdGrid\Debug\StdAfx.obj
C:\Users\korea_000\Documents\Visual Studio 2012\Projects\oudia.1.02.02_src\libs\DcDraw\DcdGrid\Debug\cl.command.1.tlog
C:\Users\korea_000\Documents\Visual Studio 2012\Projects\oudia.1.02.02_src\libs\DcDraw\DcdGrid\Debug\CL.read.1.tlog
C:\Users\korea_000\Documents\Visual Studio 2012\Projects\oudia.1.02.02_src\libs\DcDraw\DcdGrid\Debug\CL.write.1.tlog
C:\Users\korea_000\Documents\Visual Studio 2012\Projects\oudia.1.02.02_src\libs\DcDraw\DcdGrid\Debug\Lib-link.read.1.tlog
C:\Users\korea_000\Documents\Visual Studio 2012\Projects\oudia.1.02.02_src\libs\DcDraw\DcdGrid\Debug\Lib-link.write.1.tlog
C:\Users\korea_000\Documents\Visual Studio 2012\Projects\oudia.1.02.02_src\libs\DcDraw\DcdGrid\Debug\lib.command.1.tlog
C:\Users\korea_000\Documents\Visual Studio 2012\Projects\oudia.1.02.02_src\libs\DcDraw\DcdGrid\Debug\DcdGrid.pch
C:\Users\korea_000\Documents\Visual Studio 2012\Projects\oudia.1.02.02_src\libs\DcDraw\DcdGrid\Debug\vc110.idb
C:\Users\korea_000\Documents\Visual Studio 2012\Projects\oudia.1.02.02_src\libs\DcDraw\DcdGrid\Debug\vc110.pdb
